This is pdfTeX, Version 3.14159265-2.6-1.40.16 (MiKTeX 2.9 64-bit) (preloaded format=pdflatex 2016.3.21)  16 JUN 2017 10:56
entering extended mode
**./finalDraft.tex
(finalDraft.tex
LaTeX2e <2016/02/01>
Babel <3.9q> and hyphenation patterns for 70 language(s) loaded.
(ws-rv9x6.cls
Document Class: ws-rv9x6 2015/04/20 v2r Standard LaTeX document class
\typeheight=\dimen102
\typewidth=\dimen103
\normaltextheight=\dimen104
\normaltextwidth=\dimen105
\tablewidth=\dimen106
\tempdimen=\dimen107
\tablewd=\dimen108
\tempbox=\box26
\minute=\count79
\hour=\count80
\title=\toks14
\@cnumwidth=\dimen109
\c@part=\count81
\c@chapter=\count82
\c@schapter=\count83
\c@section=\count84
\c@subsection=\count85
\c@subsubsection=\count86
\c@paragraph=\count87
\c@subparagraph=\count88
\abovecaptionskip=\skip41
\belowcaptionskip=\skip42
\wscaptionbox=\box27
\c@figure=\count89
\c@minifig=\count90
\c@table=\count91
\tabledim=\dimen110
\c@appendix=\count92
\c@ptitl=\count93
("C:\Program Files\MiKTeX 2.9\tex\latex\rotating\rotating.sty"
Package: rotating 2009/03/28 v2.16a rotated objects in LaTeX

("C:\Program Files\MiKTeX 2.9\tex\latex\graphics\graphicx.sty"
Package: graphicx 2014/10/28 v1.0g Enhanced LaTeX Graphics (DPC,SPQR)

("C:\Program Files\MiKTeX 2.9\tex\latex\graphics\keyval.sty"
Package: keyval 2014/10/28 v1.15 key=value parser (DPC)
\KV@toks@=\toks15
)
("C:\Program Files\MiKTeX 2.9\tex\latex\graphics\graphics.sty"
Package: graphics 2016/01/03 v1.0q Standard LaTeX Graphics (DPC,SPQR)

("C:\Program Files\MiKTeX 2.9\tex\latex\graphics\trig.sty"
Package: trig 2016/01/03 v1.10 sin cos tan (DPC)
)
("C:\Program Files\MiKTeX 2.9\tex\latex\00miktex\graphics.cfg"
File: graphics.cfg 2010/04/23 v1.9 graphics configuration of TeX Live
)
Package graphics Info: Driver file: pdftex.def on input line 95.

("C:\Program Files\MiKTeX 2.9\tex\latex\pdftex-def\pdftex.def"
File: pdftex.def 2011/05/27 v0.06d Graphics/color for pdfTeX

("C:\Program Files\MiKTeX 2.9\tex\generic\oberdiek\infwarerr.sty"
Package: infwarerr 2010/04/08 v1.3 Providing info/warning/error messages (HO)
)
("C:\Program Files\MiKTeX 2.9\tex\generic\oberdiek\ltxcmds.sty"
Package: ltxcmds 2011/11/09 v1.22 LaTeX kernel commands for general use (HO)
)
\Gread@gobject=\count94
))
\Gin@req@height=\dimen111
\Gin@req@width=\dimen112
)
("C:\Program Files\MiKTeX 2.9\tex\latex\base\ifthen.sty"
Package: ifthen 2014/09/29 v1.1c Standard LaTeX ifthen package (DPC)
)
\c@r@tfl@t=\count95
\rotFPtop=\skip43
\rotFPbot=\skip44
\rot@float@box=\box28
\rot@mess@toks=\toks16
)
("C:\Program Files\MiKTeX 2.9\tex\latex\amsfonts\amsfonts.sty"
Package: amsfonts 2013/01/14 v3.01 Basic AMSFonts support
\@emptytoks=\toks17
\symAMSa=\mathgroup4
\symAMSb=\mathgroup5
LaTeX Font Info:    Overwriting math alphabet `\mathfrak' in version `bold'
(Font)                  U/euf/m/n --> U/euf/b/n on input line 106.
)
("C:\Program Files\MiKTeX 2.9\tex\latex\amsfonts\amssymb.sty"
Package: amssymb 2013/01/14 v3.01 AMS font symbols
)
("C:\Program Files\MiKTeX 2.9\tex\latex\amsmath\amsmath.sty"
Package: amsmath 2013/01/14 v2.14 AMS math features
\@mathmargin=\skip45

For additional information on amsmath, use the `?' option.
("C:\Program Files\MiKTeX 2.9\tex\latex\amsmath\amstext.sty"
Package: amstext 2000/06/29 v2.01

("C:\Program Files\MiKTeX 2.9\tex\latex\amsmath\amsgen.sty"
File: amsgen.sty 1999/11/30 v2.0
\@emptytoks=\toks18
\ex@=\dimen113
))
("C:\Program Files\MiKTeX 2.9\tex\latex\amsmath\amsbsy.sty"
Package: amsbsy 1999/11/29 v1.2d
\pmbraise@=\dimen114
)
("C:\Program Files\MiKTeX 2.9\tex\latex\amsmath\amsopn.sty"
Package: amsopn 1999/12/14 v2.01 operator names
)
\inf@bad=\count96
LaTeX Info: Redefining \frac on input line 210.
\uproot@=\count97
\leftroot@=\count98
LaTeX Info: Redefining \overline on input line 306.
\classnum@=\count99
\DOTSCASE@=\count100
LaTeX Info: Redefining \ldots on input line 378.
LaTeX Info: Redefining \dots on input line 381.
LaTeX Info: Redefining \cdots on input line 466.
\Mathstrutbox@=\box29
\strutbox@=\box30
\big@size=\dimen115
LaTeX Font Info:    Redeclaring font encoding OML on input line 566.
LaTeX Font Info:    Redeclaring font encoding OMS on input line 567.
\macc@depth=\count101
\c@MaxMatrixCols=\count102
\dotsspace@=\muskip10
\c@parentequation=\count103
\dspbrk@lvl=\count104
\tag@help=\toks19
\row@=\count105
\column@=\count106
\maxfields@=\count107
\andhelp@=\toks20
\eqnshift@=\dimen116
\alignsep@=\dimen117
\tagshift@=\dimen118
\tagwidth@=\dimen119
\totwidth@=\dimen120
\lineht@=\dimen121
\@envbody=\toks21
\multlinegap=\skip46
\multlinetaggap=\skip47
\mathdisplay@stack=\toks22
LaTeX Info: Redefining \[ on input line 2665.
LaTeX Info: Redefining \] on input line 2666.
)
("C:\Program Files\MiKTeX 2.9\tex\latex\boxedminipage\boxedminipage.sty")
("C:\Program Files\MiKTeX 2.9\tex\latex\base\makeidx.sty"
Package: makeidx 2014/09/29 v1.0m Standard LaTeX package
)
("C:\Program Files\MiKTeX 2.9\tex\latex\tools\multicol.sty"
Package: multicol 2015/08/19 v1.8n multicolumn formatting (FMi)
\c@tracingmulticols=\count108
\mult@box=\box31
\multicol@leftmargin=\dimen122
\c@unbalance=\count109
\c@collectmore=\count110
\doublecol@number=\count111
\multicoltolerance=\count112
\multicolpretolerance=\count113
\full@width=\dimen123
\page@free=\dimen124
\premulticols=\dimen125
\postmulticols=\dimen126
\multicolsep=\skip48
\multicolbaselineskip=\skip49
\partial@page=\box32
\last@line=\box33
\maxbalancingoverflow=\dimen127
\mult@rightbox=\box34
\mult@grightbox=\box35
\mult@gfirstbox=\box36
\mult@firstbox=\box37
\@tempa=\box38
\@tempa=\box39
\@tempa=\box40
\@tempa=\box41
\@tempa=\box42
\@tempa=\box43
\@tempa=\box44
\@tempa=\box45
\@tempa=\box46
\@tempa=\box47
\@tempa=\box48
\@tempa=\box49
\@tempa=\box50
\@tempa=\box51
\@tempa=\box52
\@tempa=\box53
\@tempa=\box54
\c@columnbadness=\count114
\c@finalcolumnbadness=\count115
\last@try=\dimen128
\multicolovershoot=\dimen129
\multicolundershoot=\dimen130
\mult@nat@firstbox=\box55
\colbreak@box=\box56
\mc@col@check@num=\count116
) (ws-crop9x6.sty
Package: ws-crop9x6 2014/04/21 WSPC Crop 9x6

("C:\Program Files\MiKTeX 2.9\tex\latex\crop\crop.sty"
Package: crop 2003/05/20 v1.9 crop marks (mf)
\stockwidth=\dimen131
\stockheight=\dimen132
\CROP@index=\count117

("C:\Program Files\MiKTeX 2.9\tex\latex\graphics\color.sty"
Package: color 2016/01/03 v1.1b Standard LaTeX Color (DPC)

("C:\Program Files\MiKTeX 2.9\tex\latex\00miktex\color.cfg"
File: color.cfg 2007/01/18 v1.5 color configuration of teTeX/TeXLive
)
Package color Info: Driver file: pdftex.def on input line 143.
)
\CROP@offset=\count118
Package crop Info: Local config file crop.cfg used on input line 605.

("C:\Program Files\MiKTeX 2.9\tex\xelatex\xetexconfig\crop.cfg"))
\minute=\count119
\hour=\count120
\projecttitle=\toks23
\classtitle=\toks24
)
("C:\Program Files\MiKTeX 2.9\tex\latex\url\url.sty"
\Urlmuskip=\muskip11
Package: url 2013/09/16  ver 3.4  Verb mode for urls, etc.
))
("C:\Program Files\MiKTeX 2.9\tex\latex\subfigure\subfigure.sty"
Package: subfigure 2002/07/30 v2.1.4 subfigure package
\subfigtopskip=\skip50
\subfigcapskip=\skip51
\subfigcaptopadj=\dimen133
\subfigbottomskip=\skip52
\subfigcapmargin=\dimen134
\subfiglabelskip=\skip53
\c@subfigure=\count121
\c@lofdepth=\count122
\c@subtable=\count123
\c@lotdepth=\count124

****************************************
* Local config file subfigure.cfg used *
****************************************
("C:\Program Files\MiKTeX 2.9\tex\latex\subfigure\subfigure.cfg")
\subfig@top=\skip54
\subfig@bottom=\skip55
)
(ws-rv-thm.sty
Package: ws-rv-thm 2014/01/20 WSPC Theorem Style
\c@theorem=\count125
\c@algorithm=\count126
\c@assertion=\count127
\c@assumption=\count128
\c@claim=\count129
\c@conjecture=\count130
\c@convention=\count131
\c@corollary=\count132
\c@criterion=\count133
\c@definition=\count134
\c@example=\count135
\c@lemma=\count136
\c@notation=\count137
\c@observation=\count138
\c@problem=\count139
\c@prop=\count140
\c@proposition=\count141
\c@question=\count142
\c@remark=\count143
) (ws-rv-van.sty
("C:\Program Files\MiKTeX 2.9\tex\latex\cite\cite.sty"
LaTeX Info: Redefining \cite on input line 302.
LaTeX Info: Redefining \nocite on input line 332.
Package: cite 2015/02/27  v 5.5
))
\@indexfile=\write3
\openout3 = `finalDraft.idx'.


Writing index file finalDraft.idx
(finalDraft.aux)
\openout1 = `finalDraft.aux'.

LaTeX Font Info:    Checking defaults for OML/cmm/m/it on input line 20.
LaTeX Font Info:    ... okay on input line 20.
LaTeX Font Info:    Checking defaults for T1/cmr/m/n on input line 20.
LaTeX Font Info:    ... okay on input line 20.
LaTeX Font Info:    Checking defaults for OT1/cmr/m/n on input line 20.
LaTeX Font Info:    ... okay on input line 20.
LaTeX Font Info:    Checking defaults for OMS/cmsy/m/n on input line 20.
LaTeX Font Info:    ... okay on input line 20.
LaTeX Font Info:    Checking defaults for OMX/cmex/m/n on input line 20.
LaTeX Font Info:    ... okay on input line 20.
LaTeX Font Info:    Checking defaults for U/cmr/m/n on input line 20.
LaTeX Font Info:    ... okay on input line 20.
\projecttitle=\toks25
 ("C:\Program Files\MiKTeX 2.9\tex\context\base\supp-pdf.mkii"
[Loading MPS to PDF converter (version 2006.09.02).]
\scratchcounter=\count144
\scratchdimen=\dimen135
\scratchbox=\box57
\nofMPsegments=\count145
\nofMParguments=\count146
\everyMPshowfont=\toks26
\MPscratchCnt=\count147
\MPscratchDim=\dimen136
\MPnumerator=\count148
\makeMPintoPDFobject=\count149
\everyMPtoPDFconversion=\toks27
) ("C:\Program Files\MiKTeX 2.9\tex\generic\oberdiek\pdftexcmds.sty"
Package: pdftexcmds 2011/11/29 v0.20 Utility functions of pdfTeX for LuaTeX (HO
)

("C:\Program Files\MiKTeX 2.9\tex\generic\oberdiek\ifluatex.sty"
Package: ifluatex 2010/03/01 v1.3 Provides the ifluatex switch (HO)
Package ifluatex Info: LuaTeX not detected.
)
("C:\Program Files\MiKTeX 2.9\tex\generic\oberdiek\ifpdf.sty"
Package: ifpdf 2011/01/30 v2.3 Provides the ifpdf switch (HO)
Package ifpdf Info: pdfTeX in PDF mode is detected.
)
Package pdftexcmds Info: LuaTeX not detected.
Package pdftexcmds Info: \pdf@primitive is available.
Package pdftexcmds Info: \pdf@ifprimitive is available.
Package pdftexcmds Info: \pdfdraftmode found.
)
("C:\Program Files\MiKTeX 2.9\tex\latex\oberdiek\epstopdf-base.sty"
Package: epstopdf-base 2010/02/09 v2.5 Base part for package epstopdf

("C:\Program Files\MiKTeX 2.9\tex\latex\oberdiek\grfext.sty"
Package: grfext 2010/08/19 v1.1 Manage graphics extensions (HO)

("C:\Program Files\MiKTeX 2.9\tex\generic\oberdiek\kvdefinekeys.sty"
Package: kvdefinekeys 2011/04/07 v1.3 Define keys (HO)
))
("C:\Program Files\MiKTeX 2.9\tex\latex\oberdiek\kvoptions.sty"
Package: kvoptions 2011/06/30 v3.11 Key value format for package options (HO)

("C:\Program Files\MiKTeX 2.9\tex\generic\oberdiek\kvsetkeys.sty"
Package: kvsetkeys 2012/04/25 v1.16 Key value parser (HO)

("C:\Program Files\MiKTeX 2.9\tex\generic\oberdiek\etexcmds.sty"
Package: etexcmds 2011/02/16 v1.5 Avoid name clashes with e-TeX commands (HO)
Package etexcmds Info: Could not find \expanded.
(etexcmds)             That can mean that you are not using pdfTeX 1.50 or
(etexcmds)             that some package has redefined \expanded.
(etexcmds)             In the latter case, load this package earlier.
)))
Package grfext Info: Graphics extension search list:
(grfext)             [.png,.pdf,.jpg,.mps,.jpeg,.jbig2,.jb2,.PNG,.PDF,.JPG,.JPE
G,.JBIG2,.JB2,.eps]
(grfext)             \AppendGraphicsExtensions on input line 452.
)
Package crop Info: requested driver: `' on input line 20.
Package crop Info: detected driver: `pdftex' on input line 20.
Package crop Info: using `pdftex' graphics driver on input line 20.
LaTeX Font Info:    Try loading font information for U+msa on input line 22.

("C:\Program Files\MiKTeX 2.9\tex\latex\amsfonts\umsa.fd"
File: umsa.fd 2013/01/14 v3.01 AMS symbols A
)
LaTeX Font Info:    Try loading font information for U+msb on input line 22.

("C:\Program Files\MiKTeX 2.9\tex\latex\amsfonts\umsb.fd"
File: umsb.fd 2013/01/14 v3.01 AMS symbols B
) [1{C:/Users/joe/AppData/Local/MiKTeX/2.9/pdftex/config/pdftex.map}



]
Package epstopdf Info: Source file: <../Figures/callrec.eps>
(epstopdf)                    date: 2017-05-19 15:05:40
(epstopdf)                    size: 60328 bytes
(epstopdf)             Output file: <../Figures/callrec-eps-converted-to.pdf>
(epstopdf)                    date: 2017-05-19 15:11:06
(epstopdf)                    size: 25976 bytes
(epstopdf)             Command: <epstopdf --outfile=../Figures/callrec-eps-conv
erted-to.pdf ../Figures/callrec.eps>
(epstopdf)             \includegraphics on input line 57.
Package epstopdf Info: Output file is already uptodate.

<../Figures/callrec-eps-converted-to.pdf, id=13, 505.89pt x 433.62pt>
File: ../Figures/callrec-eps-converted-to.pdf Graphic file (type pdf)

<use ../Figures/callrec-eps-converted-to.pdf>
Package pdftex.def Info: ../Figures/callrec-eps-converted-to.pdf used on input 
line 57.
(pdftex.def)             Requested size: 97.56549pt x 83.62593pt.
Package epstopdf Info: Source file: <../Figures/esd.eps>
(epstopdf)                    date: 2017-05-19 15:09:00
(epstopdf)                    size: 31821 bytes
(epstopdf)             Output file: <../Figures/esd-eps-converted-to.pdf>
(epstopdf)                    date: 2017-05-19 15:11:07
(epstopdf)                    size: 14290 bytes
(epstopdf)             Command: <epstopdf --outfile=../Figures/esd-eps-converte
d-to.pdf ../Figures/esd.eps>
(epstopdf)             \includegraphics on input line 58.
Package epstopdf Info: Output file is already uptodate.

<../Figures/esd-eps-converted-to.pdf, id=14, 505.89pt x 433.62pt>
File: ../Figures/esd-eps-converted-to.pdf Graphic file (type pdf)

<use ../Figures/esd-eps-converted-to.pdf>
Package pdftex.def Info: ../Figures/esd-eps-converted-to.pdf used on input line
 58.
(pdftex.def)             Requested size: 97.56549pt x 83.62593pt.
Package epstopdf Info: Source file: <../Figures/funrep.eps>
(epstopdf)                    date: 2017-05-19 15:09:07
(epstopdf)                    size: 6289 bytes
(epstopdf)             Output file: <../Figures/funrep-eps-converted-to.pdf>
(epstopdf)                    date: 2017-05-19 15:11:07
(epstopdf)                    size: 4242 bytes
(epstopdf)             Command: <epstopdf --outfile=../Figures/funrep-eps-conve
rted-to.pdf ../Figures/funrep.eps>
(epstopdf)             \includegraphics on input line 59.
Package epstopdf Info: Output file is already uptodate.

<../Figures/funrep-eps-converted-to.pdf, id=15, 505.89pt x 433.62pt>
File: ../Figures/funrep-eps-converted-to.pdf Graphic file (type pdf)

<use ../Figures/funrep-eps-converted-to.pdf>
Package pdftex.def Info: ../Figures/funrep-eps-converted-to.pdf used on input l
ine 59.
(pdftex.def)             Requested size: 97.56549pt x 83.62593pt.
 [2] [3 <../Figures/callrec-eps-converted-to.pdf> <../Figures/esd-eps-converted
-to.pdf> <../Figures/funrep-eps-converted-to.pdf>]
Package epstopdf Info: Source file: <../Figures/tree3.eps>
(epstopdf)                    date: 2017-05-19 15:10:26
(epstopdf)                    size: 3867 bytes
(epstopdf)             Output file: <../Figures/tree3-eps-converted-to.pdf>
(epstopdf)                    date: 2017-05-19 15:11:08
(epstopdf)                    size: 3072 bytes
(epstopdf)             Command: <epstopdf --outfile=../Figures/tree3-eps-conver
ted-to.pdf ../Figures/tree3.eps>
(epstopdf)             \includegraphics on input line 93.
Package epstopdf Info: Output file is already uptodate.

<../Figures/tree3-eps-converted-to.pdf, id=45, 505.89pt x 361.35pt>
File: ../Figures/tree3-eps-converted-to.pdf Graphic file (type pdf)

<use ../Figures/tree3-eps-converted-to.pdf>
Package pdftex.def Info: ../Figures/tree3-eps-converted-to.pdf used on input li
ne 93.
(pdftex.def)             Requested size: 146.34575pt x 104.53517pt.
Package epstopdf Info: Source file: <../Figures/unipgp.eps>
(epstopdf)                    date: 2017-05-19 15:11:01
(epstopdf)                    size: 15283 bytes
(epstopdf)             Output file: <../Figures/unipgp-eps-converted-to.pdf>
(epstopdf)                    date: 2017-05-19 15:11:08
(epstopdf)                    size: 6614 bytes
(epstopdf)             Command: <epstopdf --outfile=../Figures/unipgp-eps-conve
rted-to.pdf ../Figures/unipgp.eps>
(epstopdf)             \includegraphics on input line 94.
Package epstopdf Info: Output file is already uptodate.

<../Figures/unipgp-eps-converted-to.pdf, id=46, 505.89pt x 361.35pt>
File: ../Figures/unipgp-eps-converted-to.pdf Graphic file (type pdf)

<use ../Figures/unipgp-eps-converted-to.pdf>
Package pdftex.def Info: ../Figures/unipgp-eps-converted-to.pdf used on input l
ine 94.
(pdftex.def)             Requested size: 146.34575pt x 104.53517pt.
 [4 <../Figures/tree3-eps-converted-to.pdf> <../Figures/unipgp-eps-converted-to
.pdf>] [5]
Package epstopdf Info: Source file: <../Figures/basis.eps>
(epstopdf)                    date: 2017-05-19 15:13:53
(epstopdf)                    size: 24225 bytes
(epstopdf)             Output file: <../Figures/basis-eps-converted-to.pdf>
(epstopdf)                    date: 2017-05-19 15:14:08
(epstopdf)                    size: 10275 bytes
(epstopdf)             Command: <epstopdf --outfile=../Figures/basis-eps-conver
ted-to.pdf ../Figures/basis.eps>
(epstopdf)             \includegraphics on input line 131.
Package epstopdf Info: Output file is already uptodate.

<../Figures/basis-eps-converted-to.pdf, id=62, 505.89pt x 361.35pt>
File: ../Figures/basis-eps-converted-to.pdf Graphic file (type pdf)

<use ../Figures/basis-eps-converted-to.pdf>
Package pdftex.def Info: ../Figures/basis-eps-converted-to.pdf used on input li
ne 131.
(pdftex.def)             Requested size: 292.6915pt x 209.07036pt.
 [6 <../Figures/basis-eps-converted-to.pdf>] [7] [8] [9]
Package epstopdf Info: Source file: <../Figures/ancrec.eps>
(epstopdf)                    date: 2017-05-19 11:58:50
(epstopdf)                    size: 1573979 bytes
(epstopdf)             Output file: <../Figures/ancrec-eps-converted-to.pdf>
(epstopdf)                    date: 2017-05-19 11:58:56
(epstopdf)                    size: 11508 bytes
(epstopdf)             Command: <epstopdf --outfile=../Figures/ancrec-eps-conve
rted-to.pdf ../Figures/ancrec.eps>
(epstopdf)             \includegraphics on input line 275.
Package epstopdf Info: Output file is already uptodate.

<../Figures/ancrec-eps-converted-to.pdf, id=86, 505.89pt x 289.08pt>
File: ../Figures/ancrec-eps-converted-to.pdf Graphic file (type pdf)

<use ../Figures/ancrec-eps-converted-to.pdf>
Package pdftex.def Info: ../Figures/ancrec-eps-converted-to.pdf used on input l
ine 275.
(pdftex.def)             Requested size: 292.6915pt x 167.25629pt.
 [10 <../Figures/ancrec-eps-converted-to.pdf>] (finalDraft.bbl [11]) [12] (fina
lDraft.aux) ) 
Here is how much of TeX's memory you used:
 3678 strings out of 493622
 47813 string characters out of 3143650
 122239 words of memory out of 3000000
 6971 multiletter control sequences out of 15000+200000
 13809 words of font info for 51 fonts, out of 3000000 for 9000
 1025 hyphenation exceptions out of 8191
 41i,11n,26p,1490b,281s stack positions out of 5000i,500n,10000p,200000b,50000s
<C:/Program Files/MiKTeX 2.9/fonts/type1/public/amsfonts/cm/cmbx10
.pfb><C:/Program Files/MiKTeX 2.9/fonts/type1/public/amsfonts/cm/cmbx5.pfb><C:/
Program Files/MiKTeX 2.9/fonts/type1/public/amsfonts/cm/cmbx6.pfb><C:/Program F
iles/MiKTeX 2.9/fonts/type1/public/amsfonts/cm/cmbx7.pfb><C:/Program Files/MiKT
eX 2.9/fonts/type1/public/amsfonts/cm/cmbx8.pfb><C:/Program Files/MiKTeX 2.9/fo
nts/type1/public/amsfonts/cm/cmbx9.pfb><C:/Program Files/MiKTeX 2.9/fonts/type1
/public/amsfonts/cm/cmbxti10.pfb><C:/Program Files/MiKTeX 2.9/fonts/type1/publi
c/amsfonts/cm/cmex10.pfb><C:/Program Files/MiKTeX 2.9/fonts/type1/public/amsfon
ts/cm/cmmi10.pfb><C:/Program Files/MiKTeX 2.9/fonts/type1/public/amsfonts/cm/cm
mi5.pfb><C:/Program Files/MiKTeX 2.9/fonts/type1/public/amsfonts/cm/cmmi6.pfb><
C:/Program Files/MiKTeX 2.9/fonts/type1/public/amsfonts/cm/cmmi7.pfb><C:/Progra
m Files/MiKTeX 2.9/fonts/type1/public/amsfonts/cm/cmmi8.pfb><C:/Program Files/M
iKTeX 2.9/fonts/type1/public/amsfonts/cm/cmr10.pfb><C:/Program Files/MiKTeX 2.9
/fonts/type1/public/amsfonts/cm/cmr5.pfb><C:/Program Files/MiKTeX 2.9/fonts/typ
e1/public/amsfonts/cm/cmr6.pfb><C:/Program Files/MiKTeX 2.9/fonts/type1/public/
amsfonts/cm/cmr7.pfb><C:/Program Files/MiKTeX 2.9/fonts/type1/public/amsfonts/c
m/cmr8.pfb><C:/Program Files/MiKTeX 2.9/fonts/type1/public/amsfonts/cm/cmr9.pfb
><C:/Program Files/MiKTeX 2.9/fonts/type1/public/amsfonts/cm/cmss8.pfb><C:/Prog
ram Files/MiKTeX 2.9/fonts/type1/public/amsfonts/cm/cmsy10.pfb><C:/Program File
s/MiKTeX 2.9/fonts/type1/public/amsfonts/cm/cmsy5.pfb><C:/Program Files/MiKTeX 
2.9/fonts/type1/public/amsfonts/cm/cmsy6.pfb><C:/Program Files/MiKTeX 2.9/fonts
/type1/public/amsfonts/cm/cmsy7.pfb><C:/Program Files/MiKTeX 2.9/fonts/type1/pu
blic/amsfonts/cm/cmsy8.pfb><C:/Program Files/MiKTeX 2.9/fonts/type1/public/amsf
onts/cm/cmti10.pfb><C:/Program Files/MiKTeX 2.9/fonts/type1/public/amsfonts/cm/
cmti8.pfb><C:/Program Files/MiKTeX 2.9/fonts/type1/public/amsfonts/cm/cmti9.pfb
>
Output written on finalDraft.pdf (12 pages, 435388 bytes).
PDF statistics:
 188 PDF objects out of 1000 (max. 8388607)
 0 named destinations out of 1000 (max. 500000)
 36 words of extra memory for PDF output out of 10000 (max. 10000000)

